c:\users\aliensheep\onedrive\unisinos 2016-2\processamento gráfico\helloglfw\helloglfw\debug\vc140.pdb
c:\users\aliensheep\onedrive\unisinos 2016-2\processamento gráfico\helloglfw\helloglfw\debug\vc140.idb
c:\users\aliensheep\onedrive\unisinos 2016-2\processamento gráfico\helloglfw\helloglfw\debug\shapes.obj
c:\users\aliensheep\onedrive\unisinos 2016-2\processamento gráfico\helloglfw\helloglfw\debug\source.obj
c:\users\aliensheep\onedrive\unisinos 2016-2\processamento gráfico\viewports\helloglfw\debug\vc140.pdb
c:\users\aliensheep\onedrive\unisinos 2016-2\processamento gráfico\viewports\helloglfw\debug\vc140.idb
c:\users\aliensheep\onedrive\unisinos 2016-2\processamento gráfico\viewports\helloglfw\debug\shapes.obj
c:\users\aliensheep\onedrive\unisinos 2016-2\processamento gráfico\viewports\helloglfw\debug\source.obj
c:\users\aliensheep\onedrive\unisinos 2016-2\processamento gráfico\helloglfw\debug\helloglfw.ilk
c:\users\aliensheep\onedrive\unisinos 2016-2\processamento gráfico\helloglfw\debug\helloglfw.exe
c:\users\aliensheep\onedrive\unisinos 2016-2\processamento gráfico\helloglfw\debug\helloglfw.pdb
c:\users\aliensheep\onedrive\unisinos 2016-2\processamento gráfico\viewports\debug\helloglfw.ilk
c:\users\aliensheep\onedrive\unisinos 2016-2\processamento gráfico\viewports\debug\helloglfw.exe
c:\users\aliensheep\onedrive\unisinos 2016-2\processamento gráfico\viewports\debug\helloglfw.pdb
c:\users\aliensheep\onedrive\unisinos 2016-2\processamento gráfico\viewports\helloglfw\debug\helloglfw.tlog\cl.command.1.tlog
c:\users\aliensheep\onedrive\unisinos 2016-2\processamento gráfico\viewports\helloglfw\debug\helloglfw.tlog\cl.read.1.tlog
c:\users\aliensheep\onedrive\unisinos 2016-2\processamento gráfico\viewports\helloglfw\debug\helloglfw.tlog\cl.write.1.tlog
c:\users\aliensheep\onedrive\unisinos 2016-2\processamento gráfico\viewports\helloglfw\debug\helloglfw.tlog\link.command.1.tlog
c:\users\aliensheep\onedrive\unisinos 2016-2\processamento gráfico\viewports\helloglfw\debug\helloglfw.tlog\link.read.1.tlog
c:\users\aliensheep\onedrive\unisinos 2016-2\processamento gráfico\viewports\helloglfw\debug\helloglfw.tlog\link.write.1.tlog
